#
# There is insufficient memory for the Java Runtime Environment to continue.
# Native memory allocation (mmap) failed to map 119013376 bytes for committing reserved memory.
# Possible reasons:
#   The system is out of physical RAM or swap space
#   In 32 bit mode, the process size limit was hit
# Possible solutions:
#   Reduce memory load on the system
#   Increase physical memory or swap space
#   Check if swap backing store is full
#   Use 64 bit Java on a 64 bit OS
#   Decrease Java heap size (-Xmx/-Xms)
#   Decrease number of Java threads
#   Decrease Java thread stack sizes (-Xss)
#   Set larger code cache with -XX:ReservedCodeCacheSize=
# This output file may be truncated or incomplete.
#
#  Out of Memory Error (os_linux.cpp:2643), pid=18563, tid=0x00007fb44a0e6700
#
# JRE version: OpenJDK Runtime Environment (8.0_131-b11) (build 1.8.0_131-8u131-b11-2ubuntu1.16.04.3-b11)
# Java VM: OpenJDK 64-Bit Server VM (25.131-b11 mixed mode linux-amd64 compressed oops)
# Failed to write core dump. Core dumps have been disabled. To enable core dumping, try "ulimit -c unlimited" before starting Java again
#

---------------  T H R E A D  ---------------

Current thread (0x00007fb460077800):  VMThread [stack: 0x00007fb449fe6000,0x00007fb44a0e7000] [id=18574]

Stack: [0x00007fb449fe6000,0x00007fb44a0e7000],  sp=0x00007fb44a0e54c0,  free space=1021k
Native frames: (J=compiled Java code, j=interpreted, Vv=VM code, C=native code)
V  [libjvm.so+0xa6a1bb]
V  [libjvm.so+0x4c5a6c]
V  [libjvm.so+0x8b85a0]
V  [libjvm.so+0x8b2a1e]
V  [libjvm.so+0x92d556]
V  [libjvm.so+0x92e883]
V  [libjvm.so+0x92af33]
V  [libjvm.so+0x92b1fc]
V  [libjvm.so+0x8dd093]
V  [libjvm.so+0xa6be72]
V  [libjvm.so+0xa70f57]
V  [libjvm.so+0xa6e727]
V  [libjvm.so+0xa6fbaf]
V  [libjvm.so+0xa700a1]
V  [libjvm.so+0x8b5a82]

VM_Operation (0x00007fb43b6cef80): ParallelGCFailedAllocation, mode: safepoint, requested by thread 0x00007fb4607b1800


---------------  P R O C E S S  ---------------

Java Threads: ( => current thread )
  0x00007fb3e801e000 JavaThread "http-bio-8080-exec-4" daemon [_thread_blocked, id=18599, stack(0x00007fb440ca0000,0x00007fb440da1000)]
  0x00007fb3e4096000 JavaThread "http-bio-8080-exec-3" daemon [_thread_blocked, id=18598, stack(0x00007fb43a6a7000,0x00007fb43a7a8000)]
  0x00007fb3f0152000 JavaThread "http-bio-8080-exec-2" daemon [_thread_blocked, id=18595, stack(0x00007fb43afcd000,0x00007fb43b0ce000)]
  0x00007fb3f8001800 JavaThread "http-bio-8080-exec-1" daemon [_thread_blocked, id=18594, stack(0x00007fb43b2ce000,0x00007fb43b3cf000)]
  0x00007fb46039b800 JavaThread "http-bio-8080-AsyncTimeout" daemon [_thread_blocked, id=18592, stack(0x00007fb43b3cf000,0x00007fb43b4d0000)]
  0x00007fb4607b2800 JavaThread "http-bio-8080-Acceptor-0" daemon [_thread_in_native, id=18591, stack(0x00007fb43b4d0000,0x00007fb43b5d1000)]
  0x00007fb4607b1800 JavaThread "ContainerBackgroundProcessor[StandardEngine[Tomcat]]" daemon [_thread_blocked, id=18590, stack(0x00007fb43b5d1000,0x00007fb43b6d2000)]
  0x00007fb40a276000 JavaThread "Thread-2" daemon [_thread_in_native, id=18587, stack(0x00007fb440a8b000,0x00007fb440b8c000)]
  0x00007fb4600c1800 JavaThread "Service Thread" daemon [_thread_blocked, id=18581, stack(0x00007fb449607000,0x00007fb449708000)]
  0x00007fb4600b2800 JavaThread "C1 CompilerThread2" daemon [_thread_blocked, id=18580, stack(0x00007fb449708000,0x00007fb449809000)]
  0x00007fb4600b0800 JavaThread "C2 CompilerThread1" daemon [_thread_blocked, id=18579, stack(0x00007fb449809000,0x00007fb44990a000)]
  0x00007fb4600ad800 JavaThread "C2 CompilerThread0" daemon [_thread_blocked, id=18578, stack(0x00007fb44990a000,0x00007fb449a0b000)]
  0x00007fb4600ab800 JavaThread "Signal Dispatcher" daemon [_thread_blocked, id=18577, stack(0x00007fb449a0b000,0x00007fb449b0c000)]
  0x00007fb460084000 JavaThread "Finalizer" daemon [_thread_blocked, id=18576, stack(0x00007fb449de4000,0x00007fb449ee5000)]
  0x00007fb46007f000 JavaThread "Reference Handler" daemon [_thread_blocked, id=18575, stack(0x00007fb449ee5000,0x00007fb449fe6000)]
  0x00007fb46000a000 JavaThread "main" [_thread_blocked, id=18569, stack(0x00007fb467106000,0x00007fb467207000)]

Other Threads:
=>0x00007fb460077800 VMThread [stack: 0x00007fb449fe6000,0x00007fb44a0e7000] [id=18574]
  0x00007fb4600c4000 WatcherThread [stack: 0x00007fb449506000,0x00007fb449607000] [id=18582]

VM state:at safepoint (normal execution)

VM Mutex/Monitor currently owned by a thread:  ([mutex/lock_event])
[0x00007fb460006670] Threads_lock - owner thread: 0x00007fb460077800
[0x00007fb460006b70] Heap_lock - owner thread: 0x00007fb4607b1800

Heap:
 PSYoungGen      total 481280K, used 49366K [0x00000000d6800000, 0x00000000f8000000, 0x0000000100000000)
  eden space 423936K, 0% used [0x00000000d6800000,0x00000000d6800000,0x00000000f0600000)
  from space 57344K, 86% used [0x00000000f0600000,0x00000000f3635bb0,0x00000000f3e00000)
  to   space 51712K, 0% used [0x00000000f3e00000,0x00000000f3e00000,0x00000000f7080000)
 ParOldGen       total 159744K, used 60735K [0x0000000083800000, 0x000000008d400000, 0x00000000d6800000)
  object space 159744K, 38% used [0x0000000083800000,0x000000008734fd78,0x000000008d400000)
 Metaspace       used 72322K, capacity 73236K, committed 73688K, reserved 1114112K
  class space    used 8874K, capacity 9203K, committed 9216K, reserved 1048576K

Card table byte_map: [0x00007fb450234000,0x00007fb450619000] byte_map_base: 0x00007fb44fe18000

Marking Bits: (ParMarkBitMap*) 0x00007fb4663d32c0
 Begin Bits: [0x00007fb44be59000, 0x00007fb44dd79000)
 End Bits:   [0x00007fb44dd79000, 0x00007fb44fc99000)

Polling page: 0x00007fb467226000

CodeCache: size=245760Kb used=18100Kb max_used=18111Kb free=227659Kb
 bounds [0x00007fb4509d9000, 0x00007fb451bb9000, 0x00007fb45f9d9000]
 total_blobs=6325 nmethods=5827 adapters=411
 compilation: enabled

Compilation events (10 events):
Event: 116.019 Thread 0x00007fb4600b2800 6918       3       java.net.URI::access$002 (7 bytes)
Event: 116.019 Thread 0x00007fb4600b2800 nmethod 6918 0x00007fb451676590 code [0x00007fb4516766e0, 0x00007fb451676830]
Event: 116.023 Thread 0x00007fb4600b2800 6919       1       java.nio.DirectLongBufferU::ix (10 bytes)
Event: 116.023 Thread 0x00007fb4600b2800 nmethod 6919 0x00007fb4516762d0 code [0x00007fb451676420, 0x00007fb451676530]
Event: 116.023 Thread 0x00007fb4600b2800 6920       3       org.apache.tomcat.util.file.Matcher::matchPath (45 bytes)
Event: 116.025 Thread 0x00007fb4600b2800 nmethod 6920 0x00007fb451675950 code [0x00007fb451675b20, 0x00007fb4516760e8]
Event: 116.025 Thread 0x00007fb4600b2800 6921       3       java.util.HashMap$HashIterator::remove (77 bytes)
Event: 116.027 Thread 0x00007fb4600b2800 nmethod 6921 0x00007fb451b558d0 code [0x00007fb451b55aa0, 0x00007fb451b56098]
Event: 116.103 Thread 0x00007fb4600ad800 6922       4       java.io.FilterInputStream::read (11 bytes)
Event: 116.103 Thread 0x00007fb4600ad800 nmethod 6922 0x00007fb45100a1d0 code [0x00007fb45100a320, 0x00007fb45100a398]

GC Heap History (10 events):
Event: 66.222 GC heap after
Heap after GC invocations=13 (full 2):
 PSYoungGen      total 301568K, used 33781K [0x00000000d6800000, 0x00000000f0780000, 0x0000000100000000)
  eden space 267776K, 0% used [0x00000000d6800000,0x00000000d6800000,0x00000000e6d80000)
  from space 33792K, 99% used [0x00000000e6d80000,0x00000000e8e7d640,0x00000000e8e80000)
  to   space 39936K, 0% used [0x00000000ee080000,0x00000000ee080000,0x00000000f0780000)
 ParOldGen       total 118272K, used 37531K [0x0000000083800000, 0x000000008ab80000, 0x00000000d6800000)
  object space 118272K, 31% used [0x0000000083800000,0x0000000085ca6f88,0x000000008ab80000)
 Metaspace       used 47858K, capacity 48540K, committed 48984K, reserved 1091584K
  class space    used 5699K, capacity 5954K, committed 6016K, reserved 1048576K
}
Event: 67.601 GC heap before
{Heap before GC invocations=14 (full 2):
 PSYoungGen      total 301568K, used 301557K [0x00000000d6800000, 0x00000000f0780000, 0x0000000100000000)
  eden space 267776K, 100% used [0x00000000d6800000,0x00000000e6d80000,0x00000000e6d80000)
  from space 33792K, 99% used [0x00000000e6d80000,0x00000000e8e7d640,0x00000000e8e80000)
  to   space 39936K, 0% used [0x00000000ee080000,0x00000000ee080000,0x00000000f0780000)
 ParOldGen       total 118272K, used 37531K [0x0000000083800000, 0x000000008ab80000, 0x00000000d6800000)
  object space 118272K, 31% used [0x0000000083800000,0x0000000085ca6f88,0x000000008ab80000)
 Metaspace       used 47923K, capacity 48618K, committed 48984K, reserved 1091584K
  class space    used 5702K, capacity 5956K, committed 6016K, reserved 1048576K
Event: 67.650 GC heap after
Heap after GC invocations=14 (full 2):
 PSYoungGen      total 373248K, used 39934K [0x00000000d6800000, 0x00000000f2300000, 0x0000000100000000)
  eden space 333312K, 0% used [0x00000000d6800000,0x00000000d6800000,0x00000000ead80000)
  from space 39936K, 99% used [0x00000000ee080000,0x00000000f077fa68,0x00000000f0780000)
  to   space 52224K, 0% used [0x00000000ead80000,0x00000000ead80000,0x00000000ee080000)
 ParOldGen       total 118272K, used 53834K [0x0000000083800000, 0x000000008ab80000, 0x00000000d6800000)
  object space 118272K, 45% used [0x0000000083800000,0x0000000086c92ae8,0x000000008ab80000)
 Metaspace       used 47923K, capacity 48618K, committed 48984K, reserved 1091584K
  class space    used 5702K, capacity 5956K, committed 6016K, reserved 1048576K
}
Event: 69.820 GC heap before
{Heap before GC invocations=15 (full 2):
 PSYoungGen      total 373248K, used 242596K [0x00000000d6800000, 0x00000000f2300000, 0x0000000100000000)
  eden space 333312K, 60% used [0x00000000d6800000,0x00000000e2de96a0,0x00000000ead80000)
  from space 39936K, 99% used [0x00000000ee080000,0x00000000f077fa68,0x00000000f0780000)
  to   space 52224K, 0% used [0x00000000ead80000,0x00000000ead80000,0x00000000ee080000)
 ParOldGen       total 118272K, used 53834K [0x0000000083800000, 0x000000008ab80000, 0x00000000d6800000)
  object space 118272K, 45% used [0x0000000083800000,0x0000000086c92ae8,0x000000008ab80000)
 Metaspace       used 57994K, capacity 58696K, committed 58968K, reserved 1101824K
  class space    used 6993K, capacity 7255K, committed 7296K, reserved 1048576K
Event: 69.858 GC heap after
Heap after GC invocations=15 (full 2):
 PSYoungGen      total 385536K, used 27946K [0x00000000d6800000, 0x00000000f7080000, 0x0000000100000000)
  eden space 333312K, 0% used [0x00000000d6800000,0x00000000d6800000,0x00000000ead80000)
  from space 52224K, 53% used [0x00000000ead80000,0x00000000ec8caa50,0x00000000ee080000)
  to   space 51712K, 0% used [0x00000000f3e00000,0x00000000f3e00000,0x00000000f7080000)
 ParOldGen       total 118272K, used 57258K [0x0000000083800000, 0x000000008ab80000, 0x00000000d6800000)
  object space 118272K, 48% used [0x0000000083800000,0x0000000086feab58,0x000000008ab80000)
 Metaspace       used 57994K, capacity 58696K, committed 58968K, reserved 1101824K
  class space    used 6993K, capacity 7255K, committed 7296K, reserved 1048576K
}
Event: 69.858 GC heap before
{Heap before GC invocations=16 (full 3):
 PSYoungGen      total 385536K, used 27946K [0x00000000d6800000, 0x00000000f7080000, 0x0000000100000000)
  eden space 333312K, 0% used [0x00000000d6800000,0x00000000d6800000,0x00000000ead80000)
  from space 52224K, 53% used [0x00000000ead80000,0x00000000ec8caa50,0x00000000ee080000)
  to   space 51712K, 0% used [0x00000000f3e00000,0x00000000f3e00000,0x00000000f7080000)
 ParOldGen       total 118272K, used 57258K [0x0000000083800000, 0x000000008ab80000, 0x00000000d6800000)
  object space 118272K, 48% used [0x0000000083800000,0x0000000086feab58,0x000000008ab80000)
 Metaspace       used 57994K, capacity 58696K, committed 58968K, reserved 1101824K
  class space    used 6993K, capacity 7255K, committed 7296K, reserved 1048576K
Event: 70.058 GC heap after
Heap after GC invocations=16 (full 3):
 PSYoungGen      total 385536K, used 0K [0x00000000d6800000, 0x00000000f7080000, 0x0000000100000000)
  eden space 333312K, 0% used [0x00000000d6800000,0x00000000d6800000,0x00000000ead80000)
  from space 52224K, 0% used [0x00000000ead80000,0x00000000ead80000,0x00000000ee080000)
  to   space 51712K, 0% used [0x00000000f3e00000,0x00000000f3e00000,0x00000000f7080000)
 ParOldGen       total 159744K, used 54758K [0x0000000083800000, 0x000000008d400000, 0x00000000d6800000)
  object space 159744K, 34% used [0x0000000083800000,0x0000000086d798c0,0x000000008d400000)
 Metaspace       used 57986K, capacity 58686K, committed 58968K, reserved 1101824K
  class space    used 6992K, capacity 7253K, committed 7296K, reserved 1048576K
}
Event: 92.227 GC heap before
{Heap before GC invocations=17 (full 3):
 PSYoungGen      total 385536K, used 333312K [0x00000000d6800000, 0x00000000f7080000, 0x0000000100000000)
  eden space 333312K, 100% used [0x00000000d6800000,0x00000000ead80000,0x00000000ead80000)
  from space 52224K, 0% used [0x00000000ead80000,0x00000000ead80000,0x00000000ee080000)
  to   space 51712K, 0% used [0x00000000f3e00000,0x00000000f3e00000,0x00000000f7080000)
 ParOldGen       total 159744K, used 54758K [0x0000000083800000, 0x000000008d400000, 0x00000000d6800000)
  object space 159744K, 34% used [0x0000000083800000,0x0000000086d798c0,0x000000008d400000)
 Metaspace       used 60162K, capacity 61022K, committed 61400K, reserved 1103872K
  class space    used 7290K, capacity 7579K, committed 7680K, reserved 1048576K
Event: 92.282 GC heap after
Heap after GC invocations=17 (full 3):
 PSYoungGen      total 475648K, used 44992K [0x00000000d6800000, 0x00000000f8000000, 0x0000000100000000)
  eden space 423936K, 0% used [0x00000000d6800000,0x00000000d6800000,0x00000000f0600000)
  from space 51712K, 87% used [0x00000000f3e00000,0x00000000f69f0320,0x00000000f7080000)
  to   space 57344K, 0% used [0x00000000f0600000,0x00000000f0600000,0x00000000f3e00000)
 ParOldGen       total 159744K, used 54766K [0x0000000083800000, 0x000000008d400000, 0x00000000d6800000)
  object space 159744K, 34% used [0x0000000083800000,0x0000000086d7b8c0,0x000000008d400000)
 Metaspace       used 60162K, capacity 61022K, committed 61400K, reserved 1103872K
  class space    used 7290K, capacity 7579K, committed 7680K, reserved 1048576K
}
Event: 116.264 GC heap before
{Heap before GC invocations=18 (full 3):
 PSYoungGen      total 475648K, used 468928K [0x00000000d6800000, 0x00000000f8000000, 0x0000000100000000)
  eden space 423936K, 100% used [0x00000000d6800000,0x00000000f0600000,0x00000000f0600000)
  from space 51712K, 87% used [0x00000000f3e00000,0x00000000f69f0320,0x00000000f7080000)
  to   space 57344K, 0% used [0x00000000f0600000,0x00000000f0600000,0x00000000f3e00000)
 ParOldGen       total 159744K, used 54766K [0x0000000083800000, 0x000000008d400000, 0x00000000d6800000)
  object space 159744K, 34% used [0x0000000083800000,0x0000000086d7b8c0,0x000000008d400000)
 Metaspace       used 72322K, capacity 73236K, committed 73688K, reserved 1114112K
  class space    used 8874K, capacity 9203K, committed 9216K, reserved 1048576K

Deoptimization events (10 events):
Event: 70.105 Thread 0x00007fb4607b1800 Uncommon trap: reason=bimorphic action=maybe_recompile pc=0x00007fb4518b7f00 method=java.util.Hashtable.put(Ljava/lang/Object;Ljava/lang/Object;)Ljava/lang/Object; @ 18
Event: 70.115 Thread 0x00007fb4607b1800 Uncommon trap: reason=bimorphic action=maybe_recompile pc=0x00007fb4518b7f00 method=java.util.Hashtable.put(Ljava/lang/Object;Ljava/lang/Object;)Ljava/lang/Object; @ 18
Event: 70.115 Thread 0x00007fb4607b1800 Uncommon trap: reason=bimorphic action=maybe_recompile pc=0x00007fb4518b7f00 method=java.util.Hashtable.put(Ljava/lang/Object;Ljava/lang/Object;)Ljava/lang/Object; @ 18
Event: 70.123 Thread 0x00007fb4607b1800 Uncommon trap: reason=unstable_if action=reinterpret pc=0x00007fb450e37eac method=java.util.zip.InflaterInputStream.read()I @ 15
Event: 70.539 Thread 0x00007fb4607b1800 Uncommon trap: reason=unstable_if action=reinterpret pc=0x00007fb450bb6fa4 method=java.util.WeakHashMap.remove(Ljava/lang/Object;)Ljava/lang/Object; @ 94
Event: 90.970 Thread 0x00007fb4607b1800 Uncommon trap: reason=class_check action=maybe_recompile pc=0x00007fb450bbc0f0 method=sun.misc.URLClassPath$JarLoader.ensureOpen()V @ 31
Event: 90.988 Thread 0x00007fb4607b1800 Uncommon trap: reason=unstable_if action=reinterpret pc=0x00007fb4516b7b2c method=org.apache.tomcat.util.bcel.classfile.JavaClass.<init>(IILjava/lang/String;IIILorg/apache/tomcat/util/bcel/classfile/ConstantPool;[I[Lorg/apache/tomcat/util/bcel/classfile/F
Event: 116.014 Thread 0x00007fb4607b1800 Uncommon trap: reason=class_check action=maybe_recompile pc=0x00007fb450bbc0f0 method=sun.misc.URLClassPath$JarLoader.ensureOpen()V @ 31
Event: 116.017 Thread 0x00007fb4607b1800 Uncommon trap: reason=speculate_class_check action=maybe_recompile pc=0x00007fb45167c6a8 method=java.nio.charset.CharsetDecoder.reset()Ljava/nio/charset/CharsetDecoder; @ 1
Event: 116.020 Thread 0x00007fb4607b1800 Uncommon trap: reason=speculate_class_check action=maybe_recompile pc=0x00007fb45167c6a8 method=java.nio.charset.CharsetDecoder.reset()Ljava/nio/charset/CharsetDecoder; @ 1

Internal exceptions (10 events):
Event: 95.937 Thread 0x00007fb4607b1800 Exception <a 'java/lang/ClassNotFoundException': org/springframework/web/servlet/RequestToViewNameTranslatorCustomizer> (0x00000000ee038678) thrown at [/build/openjdk-8-pZyJp3/openjdk-8-8u131-b11/src/hotspot/src/share/vm/classfile/systemDictionary.cpp, li
Event: 95.943 Thread 0x00007fb4607b1800 Exception <a 'java/lang/ClassNotFoundException': org/springframework/web/servlet/support/SessionFlashMapManagerBeanInfo> (0x00000000ee084528) thrown at [/build/openjdk-8-pZyJp3/openjdk-8-8u131-b11/src/hotspot/src/share/vm/classfile/systemDictionary.cpp, l
Event: 95.943 Thread 0x00007fb4607b1800 Exception <a 'java/lang/ClassNotFoundException': org/springframework/web/servlet/support/AbstractFlashMapManagerBeanInfo> (0x00000000ee0ac750) thrown at [/build/openjdk-8-pZyJp3/openjdk-8-8u131-b11/src/hotspot/src/share/vm/classfile/systemDictionary.cpp, 
Event: 95.945 Thread 0x00007fb4607b1800 Exception <a 'java/lang/ClassNotFoundException': org/springframework/web/servlet/support/AbstractFlashMapManagerCustomizer> (0x00000000ee0d4d40) thrown at [/build/openjdk-8-pZyJp3/openjdk-8-8u131-b11/src/hotspot/src/share/vm/classfile/systemDictionary.cpp
Event: 95.947 Thread 0x00007fb4607b1800 Exception <a 'java/lang/ClassNotFoundException': org/springframework/web/servlet/support/SessionFlashMapManagerCustomizer> (0x00000000ee104538) thrown at [/build/openjdk-8-pZyJp3/openjdk-8-8u131-b11/src/hotspot/src/share/vm/classfile/systemDictionary.cpp,
Event: 95.948 Thread 0x00007fb4607b1800 Exception <a 'java/lang/ClassNotFoundException': org/springframework/web/servlet/FlashMapManagerCustomizer> (0x00000000ee12a398) thrown at [/build/openjdk-8-pZyJp3/openjdk-8-8u131-b11/src/hotspot/src/share/vm/classfile/systemDictionary.cpp, line 210]
Event: 115.979 Thread 0x00007fb3dcbb3000 Exception <a 'java/lang/InterruptedException': sleep interrupted> (0x00000000ee2792e8) thrown at [/build/openjdk-8-pZyJp3/openjdk-8-8u131-b11/src/hotspot/src/share/vm/prims/jvm.cpp, line 3228]
Event: 116.014 Thread 0x00007fb4607b1800 Exception <a 'java/util/zip/ZipException'> (0x00000000ee234818) thrown at [/build/openjdk-8-pZyJp3/openjdk-8-8u131-b11/src/hotspot/src/share/vm/prims/jni.cpp, line 709]
Event: 116.014 Thread 0x00007fb4607b1800 Exception <a 'java/security/PrivilegedActionException'> (0x00000000ee234c08) thrown at [/build/openjdk-8-pZyJp3/openjdk-8-8u131-b11/src/hotspot/src/share/vm/prims/jvm.cpp, line 1390]
Event: 116.014 Thread 0x00007fb4607b1800 Exception <a 'java/security/PrivilegedActionException'> (0x00000000ee235000) thrown at [/build/openjdk-8-pZyJp3/openjdk-8-8u131-b11/src/hotspot/src/share/vm/prims/jvm.cpp, line 1390]

Events (10 events):
Event: 116.027 loading class javax/servlet/ServletContainerInitializer done
Event: 116.028 loading class javax/servlet/ServletException
Event: 116.028 loading class javax/servlet/ServletException done
Event: 116.029 loading class javax/servlet/annotation/HandlesTypes
Event: 116.029 loading class javax/servlet/annotation/HandlesTypes done
Event: 116.029 loading class org/springframework/web/WebApplicationInitializer
Event: 116.029 loading class org/springframework/web/WebApplicationInitializer done
Event: 116.030 loading class org/apache/tomcat/websocket/server/WsSci
Event: 116.030 loading class org/apache/tomcat/websocket/server/WsSci done
Event: 116.264 Executing VM operation: ParallelGCFailedAllocation


Dynamic libraries:
00400000-00401000 r-xp 00000000 08:01 790219                             /usr/lib/jvm/java-8-openjdk-amd64/jre/bin/java
00600000-00601000 r--p 00000000 08:01 790219                             /usr/lib/jvm/java-8-openjdk-amd64/jre/bin/java
00601000-00602000 rw-p 00001000 08:01 790219                             /usr/lib/jvm/java-8-openjdk-amd64/jre/bin/java
0126e000-0128f000 rw-p 00000000 00:00 0                                  [heap]
83800000-8d400000 rw-p 00000000 00:00 0 
8d400000-d6800000 ---p 00000000 00:00 0 
d6800000-f8000000 rw-p 00000000 00:00 0 
ff180000-100000000 ---p 00000000 00:00 0 
100000000-100900000 rw-p 00000000 00:00 0 
100900000-140000000 ---p 00000000 00:00 0 
7fb3dc000000-7fb3dd0c7000 rw-p 00000000 00:00 0 
7fb3dd0c7000-7fb3e0000000 ---p 00000000 00:00 0 
7fb3e4000000-7fb3e40a4000 rw-p 00000000 00:00 0 
7fb3e40a4000-7fb3e8000000 ---p 00000000 00:00 0 
7fb3e8000000-7fb3e8048000 rw-p 00000000 00:00 0 
7fb3e8048000-7fb3ec000000 ---p 00000000 00:00 0 
7fb3ec000000-7fb3ec021000 rw-p 00000000 00:00 0 
7fb3ec021000-7fb3f0000000 ---p 00000000 00:00 0 
7fb3f0000000-7fb3f015c000 rw-p 00000000 00:00 0 
7fb3f015c000-7fb3f4000000 ---p 00000000 00:00 0 
7fb3f4000000-7fb3f7fff000 rw-p 00000000 00:00 0 
7fb3f7fff000-7fb3f8000000 ---p 00000000 00:00 0 
7fb3f8000000-7fb3f8021000 rw-p 00000000 00:00 0 
7fb3f8021000-7fb3fc000000 ---p 00000000 00:00 0 
7fb3fc000000-7fb3fc021000 rw-p 00000000 00:00 0 
7fb3fc021000-7fb400000000 ---p 00000000 00:00 0 
7fb400000000-7fb400021000 rw-p 00000000 00:00 0 
7fb400021000-7fb404000000 ---p 00000000 00:00 0 
7fb404000000-7fb404021000 rw-p 00000000 00:00 0 
7fb404021000-7fb408000000 ---p 00000000 00:00 0 
7fb408000000-7fb40b3f5000 rw-p 00000000 00:00 0 
7fb40b3f5000-7fb40c000000 ---p 00000000 00:00 0 
7fb40c000000-7fb40c021000 rw-p 00000000 00:00 0 
7fb40c021000-7fb410000000 ---p 00000000 00:00 0 
7fb410000000-7fb410021000 rw-p 00000000 00:00 0 
7fb410021000-7fb414000000 ---p 00000000 00:00 0 
7fb414000000-7fb4166c9000 rw-p 00000000 00:00 0 
7fb4166c9000-7fb418000000 ---p 00000000 00:00 0 
7fb418000000-7fb418c74000 rw-p 00000000 00:00 0 
7fb418c74000-7fb41c000000 ---p 00000000 00:00 0 
7fb41c000000-7fb41c021000 rw-p 00000000 00:00 0 
7fb41c021000-7fb420000000 ---p 00000000 00:00 0 
7fb420000000-7fb421e71000 rw-p 00000000 00:00 0 
7fb421e71000-7fb424000000 ---p 00000000 00:00 0 
7fb424000000-7fb424021000 rw-p 00000000 00:00 0 
7fb424021000-7fb428000000 ---p 00000000 00:00 0 
7fb428000000-7fb428021000 rw-p 00000000 00:00 0 
7fb428021000-7fb42c000000 ---p 00000000 00:00 0 
7fb42c000000-7fb42c021000 rw-p 00000000 00:00 0 
7fb42c021000-7fb430000000 ---p 00000000 00:00 0 
7fb430000000-7fb43007a000 rw-p 00000000 00:00 0 
7fb43007a000-7fb434000000 ---p 00000000 00:00 0 
7fb434000000-7fb434021000 rw-p 00000000 00:00 0 
7fb434021000-7fb438000000 ---p 00000000 00:00 0 
7fb4390a7000-7fb4391a7000 rw-p 00000000 00:00 0 
7fb4391a7000-7fb4392a7000 ---p 00000000 00:00 0 
7fb4392a7000-7fb4394a7000 rw-p 00000000 00:00 0 
7fb4394a7000-7fb4396a7000 rw-p 00000000 00:00 0 
7fb4396a7000-7fb4398a7000 rw-p 00000000 00:00 0 
7fb4398a7000-7fb439aa7000 rw-p 00000000 00:00 0 
7fb439aa7000-7fb439ca7000 rw-p 00000000 00:00 0 
7fb439ca7000-7fb439ea7000 rw-p 00000000 00:00 0 
7fb439ea7000-7fb43a0a7000 rw-p 00000000 00:00 0 
7fb43a0a7000-7fb43a2a7000 rw-p 00000000 00:00 0 
7fb43a2a7000-7fb43a4a7000 rw-p 00000000 00:00 0 
7fb43a4a7000-7fb43a6a7000 rw-p 00000000 00:00 0 
7fb43a6a7000-7fb43a6aa000 ---p 00000000 00:00 0 
7fb43a6aa000-7fb43a7a8000 rw-p 00000000 00:00 0 
7fb43a7a8000-7fb43a7bf000 r-xp 00000000 08:01 683679                     /lib/x86_64-linux-gnu/libresolv-2.23.so
7fb43a7bf000-7fb43a9bf000 ---p 00017000 08:01 683679                     /lib/x86_64-linux-gnu/libresolv-2.23.so
7fb43a9bf000-7fb43a9c0000 r--p 00017000 08:01 683679                     /lib/x86_64-linux-gnu/libresolv-2.23.so
7fb43a9c0000-7fb43a9c1000 rw-p 00018000 08:01 683679                     /lib/x86_64-linux-gnu/libresolv-2.23.so
7fb43a9c1000-7fb43a9c3000 rw-p 00000000 00:00 0 
7fb43a9c3000-7fb43a9c8000 r-xp 00000000 08:01 683666                     /lib/x86_64-linux-gnu/libnss_dns-2.23.so
7fb43a9c8000-7fb43abc8000 ---p 00005000 08:01 683666                     /lib/x86_64-linux-gnu/libnss_dns-2.23.so
7fb43abc8000-7fb43abc9000 r--p 00005000 08:01 683666                     /lib/x86_64-linux-gnu/libnss_dns-2.23.so
7fb43abc9000-7fb43abca000 rw-p 00006000 08:01 683666                     /lib/x86_64-linux-gnu/libnss_dns-2.23.so
7fb43abca000-7fb43abcc000 r-xp 00000000 08:01 661806                     /lib/x86_64-linux-gnu/libnss_mdns4_minimal.so.2
7fb43abcc000-7fb43adcb000 ---p 00002000 08:01 661806                     /lib/x86_64-linux-gnu/libnss_mdns4_minimal.so.2
7fb43adcb000-7fb43adcc000 r--p 00001000 08:01 661806                     /lib/x86_64-linux-gnu/libnss_mdns4_minimal.so.2
7fb43adcc000-7fb43adcd000 rw-p 00002000 08:01 661806                     /lib/x86_64-linux-gnu/libnss_mdns4_minimal.so.2
7fb43adcd000-7fb43afcd000 rw-p 00000000 00:00 0 
7fb43afcd000-7fb43afd0000 ---p 00000000 00:00 0 
7fb43afd0000-7fb43b2ce000 rw-p 00000000 00:00 0 
7fb43b2ce000-7fb43b2d1000 ---p 00000000 00:00 0 
7fb43b2d1000-7fb43b3cf000 rw-p 00000000 00:00 0 
7fb43b3cf000-7fb43b3d2000 ---p 00000000 00:00 0 
7fb43b3d2000-7fb43b4d0000 rw-p 00000000 00:00 0 
7fb43b4d0000-7fb43b4d3000 ---p 00000000 00:00 0 
7fb43b4d3000-7fb43b5d1000 rw-p 00000000 00:00 0 
7fb43b5d1000-7fb43b5d4000 ---p 00000000 00:00 0 
7fb43b5d4000-7fb43b8d2000 rw-p 00000000 00:00 0 
7fb43b8d2000-7fb43bad2000 rw-p 00000000 00:00 0 
7fb43bad2000-7fb43bad5000 ---p 00000000 00:00 0 
7fb43bad5000-7fb43bbd3000 rw-p 00000000 00:00 0 
7fb43bbd3000-7fb43bbfb000 r-xp 00000000 08:01 790155                     /usr/lib/jvm/java-8-openjdk-amd64/jre/lib/amd64/libsunec.so
7fb43bbfb000-7fb43bdfb000 ---p 00028000 08:01 790155                     /usr/lib/jvm/java-8-openjdk-amd64/jre/lib/amd64/libsunec.so
7fb43bdfb000-7fb43bdff000 r--p 00028000 08:01 790155                     /usr/lib/jvm/java-8-openjdk-amd64/jre/lib/amd64/libsunec.so
7fb43bdff000-7fb43be00000 rw-p 0002c000 08:01 790155                     /usr/lib/jvm/java-8-openjdk-amd64/jre/lib/amd64/libsunec.so
7fb43be00000-7fb43c000000 rw-p 00000000 00:00 0 
7fb43c000000-7fb43c022000 rw-p 00000000 00:00 0 
7fb43c022000-7fb440000000 ---p 00000000 00:00 0 
7fb44008b000-7fb440281000 rw-p 00000000 00:00 0 
7fb440281000-7fb44028b000 ---p 00000000 00:00 0 
7fb44028b000-7fb44048b000 rw-p 00000000 00:00 0 
7fb44048b000-7fb44068b000 rw-p 00000000 00:00 0 
7fb44068b000-7fb44088b000 rw-p 00000000 00:00 0 
7fb44088b000-7fb440a8b000 rw-p 00000000 00:00 0 
7fb440a8b000-7fb440a8e000 ---p 00000000 00:00 0 
7fb440a8e000-7fb440b8c000 rw-p 00000000 00:00 0 
7fb440b8c000-7fb440b9f000 r--s 00346000 08:01 790178                     /usr/lib/jvm/java-8-openjdk-amd64/jre/lib/resources.jar
7fb440b9f000-7fb440ba2000 ---p 00000000 00:00 0 
7fb440ba2000-7fb440ca0000 rw-p 00000000 00:00 0 
7fb440ca0000-7fb440ca3000 ---p 00000000 00:00 0 
7fb440ca3000-7fb440da1000 rw-p 00000000 00:00 0 
7fb440da6000-7fb440dab000 r--s 002f9000 08:01 790182                     /usr/lib/jvm/java-8-openjdk-amd64/jre/lib/charsets.jar
7fb440dab000-7fb440dae000 r--s 00015000 08:01 790204                     /usr/lib/jvm/java-8-openjdk-amd64/jre/lib/jce.jar
7fb440dae000-7fb440fae000 rw-p 00000000 00:00 0 
7fb440fae000-7fb440fb0000 r--s 0000f000 08:01 1968581                    /home/haleymnatz/.m2/repository/commons-fileupload/commons-fileupload/1.3.1/commons-fileupload-1.3.1.jar
7fb440fb0000-7fb440fb2000 r--s 00005000 08:01 2113622                    /home/haleymnatz/.m2/repository/com/amazonaws/jmespath-java/1.11.275/jmespath-java-1.11.275.jar
7fb440fb2000-7fb440fc2000 r--s 00088000 08:01 2113620                    /home/haleymnatz/.m2/repository/joda-time/joda-time/2.8.1/joda-time-2.8.1.jar
7fb440fc2000-7fb440fc6000 r--s 0003c000 08:01 1970656                    /home/haleymnatz/.m2/repository/com/fasterxml/jackson/core/jackson-core/2.6.7/jackson-core-2.6.7.jar
7fb440fc6000-7fb440fc9000 r--s 00009000 08:01 1970654                    /home/haleymnatz/.m2/repository/com/fasterxml/jackson/core/jackson-annotations/2.6.0/jackson-annotations-2.6.0.jar
7fb440fc9000-7fb440fda000 r--s 0010c000 08:01 1970652                    /home/haleymnatz/.m2/repository/com/fasterxml/jackson/core/jackson-databind/2.6.7.1/jackson-databind-2.6.7.1.jar
7fb440fda000-7fb440fe4000 r--s 00081000 08:01 1970650                    /home/haleymnatz/.m2/repository/software/amazon/ion/ion-java/1.0.2/ion-java-1.0.2.jar
7fb440fe4000-7fb440feb000 r--s 0003a000 08:01 1862394                    /home/haleymnatz/.m2/repository/commons-codec/commons-codec/1.9/commons-codec-1.9.jar
7fb440feb000-7fb440ff2000 r--s 00049000 08:01 1970648                    /home/haleymnatz/.m2/repository/org/apache/httpcomponents/httpcore/4.4.4/httpcore-4.4.4.jar
7fb440ff2000-7fb440fff000 r--s 000a7000 08:01 1970646                    /home/haleymnatz/.m2/repository/org/apache/httpcomponents/httpclient/4.5.2/httpclient-4.5.2.jar
7fb440fff000-7fb444000000 rw-p 00000000 00:00 0 
7fb444000000-7fb444021000 rw-p 00000000 00:00 0 
7fb444021000-7fb448000000 ---p 00000000 00:00 0 
7fb448001000-7fb448002000 r--s 0000b000 08:01 1970658                    /home/haleymnatz/.m2/repository/com/fasterxml/jackson/dataformat/jackson-dataformat-cbor/2.6.7/jackson-dataformat-cbor-2.6.7.jar
7fb448002000-7fb448017000 r--s 000bd000 08:01 1970644                    /home/haleymnatz/.m2/repository/com/amazonaws/aws-java-sdk-core/1.11.275/aws-java-sdk-core-1.11.275.jar
7fb448017000-7fb448020000 r--s 0005a000 08:01 1863384                    /home/haleymnatz/.m2/repository/com/amazonaws/aws-java-sdk-kms/1.11.275/aws-java-sdk-kms-1.11.275.jar
7fb448020000-7fb448032000 r--s 000bb000 08:01 1863382                    /home/haleymnatz/.m2/repository/com/amazonaws/aws-java-sdk-s3/1.11.275/aws-java-sdk-s3-1.11.275.jar
7fb448032000-7fb448033000 r--s 00028000 08:01 2097550                    /home/haleymnatz/.m2/repository/org/webjars/jquery/3.2.1/jquery-3.2.1.jar
7fb448033000-7fb44803d000 r--s 0005c000 08:01 1862132                    /home/haleymnatz/.m2/repository/javax/servlet/jstl/1.2/jstl-1.2.jar
7fb44803d000-7fb44804e000 r--s 000b7000 08:01 1985657                    /home/haleymnatz/.m2/repository/org/springframework/spring-web/4.3.7.RELEASE/spring-web-4.3.7.RELEASE.jar
7fb44804e000-7fb44805f000 r--s 000cf000 08:01 1985655                    /home/haleymnatz/.m2/repository/org/springframework/spring-webmvc/4.3.7.RELEASE/spring-webmvc-4.3.7.RELEASE.jar
7fb44805f000-7fb448068000 r--s 00054000 08:01 1985653                    /home/haleymnatz/.m2/repository/org/springframework/spring-aop/4.3.7.RELEASE/spring-aop-4.3.7.RELEASE.jar
7fb448068000-7fb44806d000 r--s 0003c000 08:01 1985651                    /home/haleymnatz/.m2/repository/org/springframework/spring-expression/4.3.7.RELEASE/spring-expression-4.3.7.RELEASE.jar
7fb44806d000-7fb44806f000 r--s 0000e000 08:01 1984686                    /home/haleymnatz/.m2/repository/commons-logging/commons-logging/1.2/commons-logging-1.2.jar
7fb44806f000-7fb448086000 r--s 000fb000 08:01 1985649                    /home/haleymnatz/.m2/repository/org/springframework/spring-core/4.3.7.RELEASE/spring-core-4.3.7.RELEASE.jar
7fb448086000-7fb448094000 r--s 000ad000 08:01 1985647                    /home/haleymnatz/.m2/repository/org/springframework/spring-beans/4.3.7.RELEASE/spring-beans-4.3.7.RELEASE.jar
7fb448094000-7fb4480ae000 r--s 000fd000 08:01 1985645                    /home/haleymnatz/.m2/repository/org/springframework/spring-context/4.3.7.RELEASE/spring-context-4.3.7.RELEASE.jar
7fb4480ae000-7fb4480b7000 r--s 0006f000 08:01 1862123                    /home/haleymnatz/.m2/repository/log4j/log4j/1.2.17/log4j-1.2.17.jar
7fb4480b7000-7fb4482b7000 rw-p 00000000 00:00 0 
7fb4482b7000-7fb4482c0000 r-xp 00000000 08:01 790156                     /usr/lib/jvm/java-8-openjdk-amd64/jre/lib/amd64/libmanagement.so
7fb4482c0000-7fb4484bf000 ---p 00009000 08:01 790156                     /usr/lib/jvm/java-8-openjdk-amd64/jre/lib/amd64/libmanagement.so
7fb4484bf000-7fb4484c0000 r--p 00008000 08:01 790156                     /usr/lib/jvm/java-8-openjdk-amd64/jre/lib/amd64/libmanagement.so
7fb4484c0000-7fb4484c1000 rw-p 00009000 08:01 790156                     /usr/lib/jvm/java-8-openjdk-amd64/jre/lib/amd64/libmanagement.so
7fb4484c1000-7fb4486c1000 rw-p 00000000 00:00 0 
7fb4486c1000-7fb4486c3000 r--s 00003000 08:01 1861797                    /home/haleymnatz/.m2/repository/org/slf4j/jcl-over-slf4j/1.7.5/jcl-over-slf4j-1.7.5.jar
7fb4486c3000-7fb4486c4000 r--s 00002000 08:01 1974317                    /home/haleymnatz/.m2/repository/org/apache/maven/doxia/doxia-logging-api/1.1/doxia-logging-api-1.1.jar
7fb4486c4000-7fb4486c6000 r--s 00002000 08:01 1974315                    /home/haleymnatz/.m2/repository/org/apache/maven/doxia/doxia-sink-api/1.1/doxia-sink-api-1.1.jar
7fb4486c6000-7fb4486c7000 r--s 00002000 08:01 1974313                    /home/haleymnatz/.m2/repository/org/apache/maven/reporting/maven-reporting-api/2.2.1/maven-reporting-api-2.2.1.jar
7fb4486c7000-7fb4486c9000 r--s 00009000 08:01 1974311                    /home/haleymnatz/.m2/repository/org/apache/maven/shared/maven-filtering/1.0/maven-filtering-1.0.jar
7fb4486c9000-7fb4486cd000 r--s 00037000 08:01 1974309                    /home/haleymnatz/.m2/repository/org/codehaus/plexus/plexus-utils/3.0.15/plexus-utils-3.0.15.jar
7fb4486cd000-7fb4486d0000 r--s 0000c000 08:01 1974307                    /home/haleymnatz/.m2/repository/org/codehaus/plexus/plexus-io/2.0.3/plexus-io-2.0.3.jar
7fb4486d0000-7fb4486d2000 r--s 00011000 08:01 1974305                    /home/haleymnatz/.m2/repository/org/hamcrest/hamcrest-core/1.1/hamcrest-core-1.1.jar
7fb4486d2000-7fb4486d9000 r--s 00037000 08:01 1974303                    /home/haleymnatz/.m2/repository/junit/junit/4.10/junit-4.10.jar
7fb4486d9000-7fb4486de000 r--s 00029000 08:01 1974301                    /home/haleymnatz/.m2/repository/org/codehaus/plexus/plexus-archiver/2.1.1/plexus-archiver-2.1.1.jar
7fb4486de000-7fb4486e2000 r--s 00014000 08:01 1974299                    /home/haleymnatz/.m2/repository/org/tukaani/xz/1.0/xz-1.0.jar
7fb4486e2000-7fb4486e7000 r--s 00036000 08:01 1974297                    /home/haleymnatz/.m2/repository/org/apache/commons/commons-compress/1.4.1/commons-compress-1.4.1.jar
7fb4486e7000-7fb4486ec000 r--s 00041000 08:01 1974295                    /home/haleymnatz/.m2/repository/commons-lang/commons-lang/2.6/commons-lang-2.6.jar
7fb4486ec000-7fb4486f0000 r--s 00027000 08:01 1974293                    /home/haleymnatz/.m2/repository/commons-io/commons-io/2.2/commons-io-2.2.jar
7fb4486f0000-7fb4486f2000 r--s 00009000 08:01 1974291                    /home/haleymnatz/.m2/repository/commons-cli/commons-cli/1.2/commons-cli-1.2.jar
7fb4486f2000-7fb4486f4000 r--s 00005000 08:01 1974289                    /home/haleymnatz/.m2/repository/org/apache/tomcat/maven/tomcat7-war-runner/2.2/tomcat7-war-runner-2.2.jar
7fb4486f4000-7fb4486fa000 r--s 00033000 08:01 1974287                    /home/haleymnatz/.m2/repository/commons-codec/commons-codec/1.6/commons-codec-1.6.jar
7fb4486fa000-7fb4486fc000 r--s 00000000 08:01 1860686                    /home/haleymnatz/.m2/repository/org/codehaus/plexus/plexus-component-annotations/1.5.5/plexus-component-annotations-1.5.5.jar
7fb4486fc000-7fb4486fe000 r--s 0000e000 08:01 1974285                    /home/haleymnatz/.m2/repository/commons-logging/commons-logging/1.1.3/commons-logging-1.1.3.jar
7fb4486fe000-7fb448704000 r--s 0003f000 08:01 1974283                    /home/haleymnatz/.m2/repository/org/apache/httpcomponents/httpcore/4.3/httpcore-4.3.jar
7fb448704000-7fb44870f000 r--s 00084000 08:01 1974281                    /home/haleymnatz/.m2/repository/org/apache/httpcomponents/httpclient/4.3.1/httpclient-4.3.1.jar
7fb44870f000-7fb448712000 r--s 00006000 08:01 1974279                    /home/haleymnatz/.m2/repository/com/google/code/findbugs/jsr305/1.3.9/jsr305-1.3.9.jar
7fb448712000-7fb448730000 r--s 00151000 08:01 1974277                    /home/haleymnatz/.m2/repository/com/google/guava/guava/10.0.1/guava-10.0.1.jar
7fb448730000-7fb448738000 r--s 00049000 08:01 1861773                    /home/haleymnatz/.m2/repository/backport-util-concurrent/backport-util-concurrent/3.1/backport-util-concurrent-3.1.jar
7fb448738000-7fb44873a000 r--s 00008000 08:01 1974275                    /home/haleymnatz/.m2/repository/org/apache/tomcat/maven/common-tomcat-maven-plugin/2.2/common-tomcat-maven-plugin-2.2.jar
7fb44873a000-7fb448749000 r--s 001a9000 08:01 1974273                    /home/haleymnatz/.m2/repository/org/eclipse/jdt/core/compiler/ecj/4.2.2/ecj-4.2.2.jar
7fb448749000-7fb44875b000 r--s 00171000 08:01 1974261                    /home/haleymnatz/.m2/repository/org/apache/tomcat/tomcat-catalina/7.0.47/tomcat-catalina-7.0.47.jar
7fb44875b000-7fb44895b000 rw-p 00000000 00:00 0 
7fb44895b000-7fb44896c000 r-xp 00000000 08:01 790142                     /usr/lib/jvm/java-8-openjdk-amd64/jre/lib/amd64/libnio.so
7fb44896c000-7fb448b6c000 ---p 00011000 08:01 790142                     /usr/lib/jvm/java-8-openjdk-amd64/jre/lib/amd64/libnio.so
7fb448b6c000-7fb448b6d000 r--p 00011000 08:01 790142                     /usr/lib/jvm/java-8-openjdk-amd64/jre/lib/amd64/libnio.so
7fb448b6d000-7fb448b6e000 rw-p 00012000 08:01 790142                     /usr/lib/jvm/java-8-openjdk-amd64/jre/lib/amd64/libnio.so
7fb448b6e000-7fb448b85000 r-xp 00000000 08:01 790162                     /usr/lib/jvm/java-8-openjdk-amd64/jre/lib/amd64/libnet.so
7fb448b85000-7fb448d84000 ---p 00017000 08:01 790162                     /usr/lib/jvm/java-8-openjdk-amd64/jre/lib/amd64/libnet.so
7fb448d84000-7fb448d85000 r--p 00016000 08:01 790162                     /usr/lib/jvm/java-8-openjdk-amd64/jre/lib/amd64/libnet.so
7fb448d85000-7fb448d86000 rw-p 00017000 08:01 790162                     /usr/lib/jvm/java-8-openjdk-amd64/jre/lib/amd64/libnet.so
7fb448d86000-7fb448f86000 rw-p 00000000 00:00 0 
7fb448f86000-7fb448f8b000 r--s 0009a000 08:01 790138                     /usr/lib/jvm/java-8-openjdk-amd64/jre/lib/jsse.jar
7fb448f8b000-7fb448f8c000 r--s 00004000 08:01 1861394                    /home/haleymnatz/.m2/repository/org/apache/maven/maven-archiver/2.4.2/maven-archiver-2.4.2.jar
7fb448f8c000-7fb448f8e000 r--s 00013000 08:01 1974271                    /home/haleymnatz/.m2/repository/org/apache/tomcat/embed/tomcat-embed-logging-log4j/7.0.47/tomcat-embed-logging-log4j-7.0.47.jar
7fb448f8e000-7fb448f90000 r--s 00008000 08:01 1861765                    /home/haleymnatz/.m2/repository/org/apache/tomcat/embed/tomcat-embed-logging-juli/7.0.47/tomcat-embed-logging-juli-7.0.47.jar
7fb448f90000-7fb448f92000 r--s 00008000 08:01 1974269                    /home/haleymnatz/.m2/repository/org/apache/tomcat/tomcat-juli/7.0.47/tomcat-juli-7.0.47.jar
7fb448f92000-7fb448f93000 r--s 00003000 08:01 1974267                    /home/haleymnatz/.m2/repository/org/apache/tomcat/tomcat-annotations-api/7.0.47/tomcat-annotations-api-7.0.47.jar
7fb448f93000-7fb448f95000 r--s 0001f000 08:01 1974265                    /home/haleymnatz/.m2/repository/org/apache/tomcat/tomcat-catalina-ha/7.0.47/tomcat-catalina-ha-7.0.47.jar
7fb448f95000-7fb448f99000 r--s 0003b000 08:01 1974263                    /home/haleymnatz/.m2/repository/org/apache/tomcat/tomcat-tribes/7.0.47/tomcat-tribes-7.0.47.jar
7fb448f99000-7fb448f9b000 r--s 0000a000 08:01 1974259                    /home/haleymnatz/.m2/repository/org/apache/tomcat/tomcat-el-api/7.0.47/tomcat-el-api-7.0.47.jar
7fb448f9b000-7fb448f9e000 r--s 0001c000 08:01 1974257                    /home/haleymnatz/.m2/repository/org/apache/tomcat/tomcat-jasper-el/7.0.47/tomcat-jasper-el-7.0.47.jar
7fb448f9e000-7fb448fa6000 r--s 0008b000 08:01 1974255                    /home/haleymnatz/.m2/repository/org/apache/tomcat/tomcat-jasper/7.0.47/tomcat-jasper-7.0.47.jar
7fb448fa6000-7fb448fa9000 r--s 00013000 08:01 1974253                    /home/haleymnatz/.m2/repository/org/apache/tomcat/tomcat-jsp-api/7.0.47/tomcat-jsp-api-7.0.47.jar
7fb448fa9000-7fb448fac000 r--s 00029000 08:01 1974251                    /home/haleymnatz/.m2/repository/org/apache/tomcat/tomcat-servlet-api/7.0.47/tomcat-servlet-api-7.0.47.jar
7fb448fac000-7fb448fb0000 r--s 00036000 08:01 1974249                    /home/haleymnatz/.m2/repository/org/apache/tomcat/tomcat-dbcp/7.0.47/tomcat-dbcp-7.0.47.jar
7fb448fb0000-7fb448fb2000 r--s 0001d000 08:01 1974247                    /home/haleymnatz/.m2/repository/org/apache/tomcat/tomcat-jdbc/7.0.47/tomcat-jdbc-7.0.47.jar
7fb448fb2000-7fb448fb3000 r--s 00001000 08:01 1974245                    /home/haleymnatz/.m2/repository/org/apache/tomcat/tomcat-api/7.0.47/tomcat-api-7.0.47.jar
7fb448fb3000-7fb448fc1000 r--s 000be000 08:01 1974242                    /home/haleymnatz/.m2/repository/org/apache/tomcat/tomcat-coyote/7.0.47/tomcat-coyote-7.0.47.jar
7fb448fc1000-7fb448fc2000 r--s 00005000 08:01 1974240                    /home/haleymnatz/.m2/repository/org/apache/tomcat/tomcat-util/7.0.47/tomcat-util-7.0.47.jar
7fb448fc2000-7fb448fe9000 r--s 00290000 08:01 1861763                    /home/haleymnatz/.m2/repository/org/apache/tomcat/embed/tomcat-embed-core/7.0.47/tomcat-embed-core-7.0.47.jar
7fb448fe9000-7fb448feb000 r--s 0001a000 08:01 1861739                    /home/haleymnatz/.m2/repository/org/apache/tomcat/maven/tomcat7-maven-plugin/2.2/tomcat7-maven-plugin-2.2.jar
7fb448feb000-7fb448fec000 r--s 00004000 08:01 1985481                    /home/haleymnatz/.m2/repository/org/codehaus/plexus/plexus-compiler-javac/2.8.2/plexus-compiler-javac-2.8.2.jar
7fb448fec000-7fb448fee000 r--s 00000000 08:01 1985479                    /home/haleymnatz/.m2/repository/org/codehaus/plexus/plexus-compiler-manager/2.8.2/plexus-compiler-manager-2.8.2.jar
7fb448fee000-7fb448ff0000 r--s 00005000 08:01 1985027                    /home/haleymnatz/.m2/repository/org/codehaus/plexus/plexus-compiler-api/2.8.2/plexus-compiler-api-2.8.2.jar
7fb448ff0000-7fb448ff6000 r--s 00047000 08:01 1985024                    /home/haleymnatz/.m2/repository/com/thoughtworks/qdox/qdox/2.0-M7/qdox-2.0-M7.jar
7fb448ff6000-7fb448ff7000 r--s 0000d000 08:01 1985021                    /home/haleymnatz/.m2/repository/org/ow2/asm/asm/6.0_BETA/asm-6.0_BETA.jar
7fb448ff7000-7fb448ff9000 r--s 00006000 08:01 1985018                    /home/haleymnatz/.m2/repository/org/codehaus/plexus/plexus-java/0.9.2/plexus-java-0.9.2.jar
7fb448ff9000-7fb448ffb000 r--s 00002000 08:01 1860685                    /home/haleymnatz/.m2/repository/org/apache/maven/shared/maven-shared-incremental/1.1/maven-shared-incremental-1.1.jar
7fb448ffb000-7fb448fff000 r--s 0002f000 08:01 1985016                    /home/haleymnatz/.m2/repository/commons-io/commons-io/2.5/commons-io-2.5.jar
7fb448fff000-7fb449002000 r--s 00025000 08:01 1862195                    /home/haleymnatz/.m2/repository/org/apache/maven/shared/maven-shared-utils/3.1.0/maven-shared-utils-3.1.0.jar
7fb449002000-7fb449004000 r--s 00002000 08:01 1861384                    /home/haleymnatz/.m2/repository/org/sonatype/plexus/plexus-cipher/1.4/plexus-cipher-1.4.jar
7fb449004000-7fb449005000 r--s 00006000 08:01 1861382                    /home/haleymnatz/.m2/repository/org/sonatype/plexus/plexus-sec-dispatcher/1.3/plexus-sec-dispatcher-1.3.jar
7fb449005000-7fb449007000 r--s 00000000 08:01 1862193                    /home/haleymnatz/.m2/repository/org/codehaus/plexus/plexus-component-annotations/1.6/plexus-component-annotations-1.6.jar
7fb449007000-7fb449009000 r--s 0000d000 08:01 1861378                    /home/haleymnatz/.m2/repository/org/codehaus/plexus/plexus-interpolation/1.14/plexus-interpolation-1.14.jar
7fb449009000-7fb44900d000 r--s 00017000 08:01 1861354                    /home/haleymnatz/.m2/repository/org/sonatype/aether/aether-util/1.7/aether-util-1.7.jar
7fb44900d000-7fb449011000 r--s 00033000 08:01 1862191                    /home/haleymnatz/.m2/repository/org/codehaus/plexus/plexus-utils/2.0.4/plexus-utils-2.0.4.jar
7fb449011000-7fb44901c000 r--s 00069000 08:01 1861376                    /home/haleymnatz/.m2/repository/org/sonatype/sisu/sisu-guice/2.1.7/sisu-guice-2.1.7-noaop.jar
7fb44901c000-7fb449021000 r--s 00021000 08:01 1861374                    /home/haleymnatz/.m2/repository/org/sonatype/sisu/sisu-inject-bean/1.4.2/sisu-inject-bean-1.4.2.jar
7fb449021000-7fb449023000 r--s 0000d000 08:01 1862135                    /home/haleymnatz/.m2/repository/org/apache/maven/plugins/maven-compiler-plugin/3.7.0/maven-compiler-plugin-3.7.0.jar
7fb449023000-7fb449025000 r--s 0000d000 08:01 1860239                    /home/haleymnatz/.m2/repository/org/codehaus/plexus/plexus-interpolation/1.13/plexus-interpolation-1.13.jar
7fb449025000-7fb449026000 r--s 00001000 08:01 1860235                    /home/haleymnatz/.m2/repository/org/sonatype/plexus/plexus-build-api/0.0.4/plexus-build-api-0.0.4.jar
7fb449026000-7fb449028000 r--s 00009000 08:01 1860234                    /home/haleymnatz/.m2/repository/org/apache/maven/shared/maven-filtering/1.1/maven-filtering-1.1.jar
7fb449028000-7fb44902c000 r--s 00033000 08:01 1860233                    /home/haleymnatz/.m2/repository/org/codehaus/plexus/plexus-utils/2.0.5/plexus-utils-2.0.5.jar
7fb44902c000-7fb44902f000 r--s 0001b000 08:01 1860232                    /home/haleymnatz/.m2/repository/junit/junit/3.8.1/junit-3.8.1.jar
7fb44902f000-7fb449031000 r--s 00002000 08:01 1860215                    /home/haleymnatz/.m2/repository/org/codehaus/plexus/plexus-interactivity-api/1.0-alpha-4/plexus-interactivity-api-1.0-alpha-4.jar
7fb449031000-7fb449033000 r--s 00006000 08:01 1860212                    /home/haleymnatz/.m2/repository/commons-cli/commons-cli/1.0/commons-cli-1.0.jar
7fb449033000-7fb449034000 r--s 00001000 08:01 1860206                    /home/haleymnatz/.m2/repository/org/apache/maven/doxia/doxia-sink-api/1.0-alpha-7/doxia-sink-api-1.0-alpha-7.jar
7fb449034000-7fb449035000 r--s 00002000 08:01 1860203                    /home/haleymnatz/.m2/repository/org/apache/maven/reporting/maven-reporting-api/2.0.6/maven-reporting-api-2.0.6.jar
7fb449035000-7fb449037000 r--s 00006000 08:01 1859981                    /home/haleymnatz/.m2/repository/org/apache/maven/plugins/maven-resources-plugin/2.6/maven-resources-plugin-2.6.jar
7fb449037000-7fb449237000 rw-p 00000000 00:00 0 
7fb449237000-7fb449437000 rw-p 00000000 00:00 0 
7fb449437000-7fb449438000 r--s 00002000 08:01 1607540                    /home/haleymnatz/.p2/pool/plugins/org.eclipse.m2e.maven.runtime.slf4j.simple_1.8.2.20171007-0216/jars/slf4j-simple-1.7.5.jar
7fb449438000-7fb44943d000 r--s 00041000 08:01 1607815                    /home/haleymnatz/.p2/pool/plugins/org.eclipse.m2e.maven.runtime_1.8.2.20171007-0216/jars/commons-lang-2.6.jar
7fb44943d000-7fb44943e000 r--s 00002000 08:01 1607844                    /home/haleymnatz/.p2/pool/plugins/org.eclipse.m2e.maven.runtime_1.8.2.20171007-0216/jars/wagon-file-2.10.jar
7fb44943e000-7fb449440000 r--s 00005000 08:01 1607811                    /home/haleymnatz/.p2/pool/plugins/org.eclipse.m2e.maven.runtime_1.8.2.20171007-0216/jars/aether-transport-wagon-1.0.2.v20150114.jar
7fb449440000-7fb449441000 r--s 00008000 08:01 1607807                    /home/haleymnatz/.p2/pool/plugins/org.eclipse.m2e.maven.runtime_1.8.2.20171007-0216/jars/aether-connector-basic-1.0.2.v20150114.jar
7fb449441000-7fb449443000 r--s 00012000 08:01 1607833                    /home/haleymnatz/.p2/pool/plugins/org.eclipse.m2e.maven.runtime_1.8.2.20171007-0216/jars/okio-1.12.0.jar
7fb449443000-7fb449449000 r--s 0005b000 08:01 1607832                    /home/haleymnatz/.p2/pool/plugins/org.eclipse.m2e.maven.runtime_1.8.2.20171007-0216/jars/okhttp-3.7.0.jar
7fb449449000-7fb44944b000 r--s 0000b000 08:01 1607808                    /home/haleymnatz/.p2/pool/plugins/org.eclipse.m2e.maven.runtime_1.8.2.20171007-0216/jars/aether-connector-okhttp-0.17.2.jar
7fb44944b000-7fb44944d000 r--s 00006000 08:01 1607810                    /home/haleymnatz/.p2/pool/plugins/org.eclipse.m2e.maven.runtime_1.8.2.20171007-0216/jars/aether-spi-1.0.2.v20150114.jar
7fb44944d000-7fb449451000 r--s 00027000 08:01 1607809                    /home/haleymnatz/.p2/pool/plugins/org.eclipse.m2e.maven.runtime_1.8.2.20171007-0216/jars/aether-impl-1.0.2.v20150114.jar
7fb449451000-7fb44947c000 r--s 001fc000 08:01 1607817                    /home/haleymnatz/.p2/pool/plugins/org.eclipse.m2e.maven.runtime_1.8.2.20171007-0216/jars/guava-18.0.jar
7fb44947c000-7fb449484000 r--s 00055000 08:01 1607834                    /home/haleymnatz/.p2/pool/plugins/org.eclipse.m2e.maven.runtime_1.8.2.20171007-0216/jars/org.eclipse.sisu.inject-0.3.2.jar
7fb449484000-7fb449485000 r--s 00001000 08:01 1607819                    /home/haleymnatz/.p2/pool/plugins/org.eclipse.m2e.maven.runtime_1.8.2.20171007-0216/jars/jsr250-api-1.0.jar
7fb449485000-7fb449488000 r--s 00008000 08:01 1607813                    /home/haleymnatz/.p2/pool/plugins/org.eclipse.m2e.maven.runtime_1.8.2.20171007-0216/jars/cdi-api-1.0.jar
7fb449488000-7fb44948e000 r--s 0002d000 08:01 1607836                    /home/haleymnatz/.p2/pool/plugins/org.eclipse.m2e.maven.runtime_1.8.2.20171007-0216/jars/org.eclipse.sisu.plexus-0.3.2.jar
7fb44948e000-7fb449491000 r--s 0000b000 08:01 1607845                    /home/haleymnatz/.p2/pool/plugins/org.eclipse.m2e.maven.runtime_1.8.2.20171007-0216/jars/wagon-provider-api-2.10.jar
7fb449491000-7fb449497000 r--s 00041000 08:01 1607823                    /home/haleymnatz/.p2/pool/plugins/org.eclipse.m2e.maven.runtime_1.8.2.20171007-0216/jars/maven-compat-3.3.9.jar
7fb449497000-7fb449499000 r--s 00009000 08:01 1607814                    /home/haleymnatz/.p2/pool/plugins/org.eclipse.m2e.maven.runtime_1.8.2.20171007-0216/jars/commons-cli-1.2.jar
7fb449499000-7fb44949b000 r--s 00002000 08:01 1607838                    /home/haleymnatz/.p2/pool/plugins/org.eclipse.m2e.maven.runtime_1.8.2.20171007-0216/jars/plexus-cipher-1.7.jar
7fb44949b000-7fb44949e000 r--s 00013000 08:01 1607825                    /home/haleymnatz/.p2/pool/plugins/org.eclipse.m2e.maven.runtime_1.8.2.20171007-0216/jars/maven-embedder-3.3.9.jar
7fb44949e000-7fb4494a5000 r--s 00064000 08:01 1607816                    /home/haleymnatz/.p2/pool/plugins/org.eclipse.m2e.maven.runtime_1.8.2.20171007-0216/jars/commons-lang3-3.4.jar
7fb4494a5000-7fb4494a6000 r--s 00006000 08:01 1607842                    /home/haleymnatz/.p2/pool/plugins/org.eclipse.m2e.maven.runtime_1.8.2.20171007-0216/jars/plexus-sec-dispatcher-1.3.jar
7fb4494a6000-7fb4494a8000 r--s 00000000 08:01 1607840                    /home/haleymnatz/.p2/pool/plugins/org.eclipse.m2e.maven.runtime_1.8.2.20171007-0216/jars/plexus-component-annotations-1.6.jar
7fb4494a8000-7fb4494ac000 r--s 00038000 08:01 1607843                    /home/haleymnatz/.p2/pool/plugins/org.eclipse.m2e.maven.runtime_1.8.2.20171007-0216/jars/plexus-utils-3.0.22.jar
7fb4494ac000-7fb4494af000 r--s 0000d000 08:01 1607841                    /home/haleymnatz/.p2/pool/plugins/org.eclipse.m2e.maven.runtime_1.8.2.20171007-0216/jars/plexus-interpolation-1.21.jar
7fb4494af000-7fb4494b8000 r--s 0005f000 08:01 1607818                    /home/haleymnatz/.p2/pool/plugins/org.eclipse.m2e.maven.runtime_1.8.2.20171007-0216/jars/guice-4.0-no_aop.jar
7fb4494b8000-7fb4494bc000 r--s 00020000 08:01 1607812                    /home/haleymnatz/.p2/pool/plugins/org.eclipse.m2e.maven.runtime_1.8.2.20171007-0216/jars/aether-util-1.0.2.v20150114.jar
7fb4494bc000-7fb4494c1000 r--s 0001d000 08:01 1607806                    /home/haleymnatz/.p2/pool/plugins/org.eclipse.m2e.maven.runtime_1.8.2.20171007-0216/jars/aether-api-1.0.2.v20150114.jar
7fb4494c1000-7fb4494c3000 r--s 0000f000 08:01 1607820                    /home/haleymnatz/.p2/pool/plugins/org.eclipse.m2e.maven.runtime_1.8.2.20171007-0216/jars/maven-aether-provider-3.3.9.jar
7fb4494c3000-7fb4494c8000 r--s 00027000 08:01 1607827                    /home/haleymnatz/.p2/pool/plugins/org.eclipse.m2e.maven.runtime_1.8.2.20171007-0216/jars/maven-model-builder-3.3.9.jar
7fb4494c8000-7fb4494ca000 r--s 0000a000 08:01 1607828                    /home/haleymnatz/.p2/pool/plugins/org.eclipse.m2e.maven.runtime_1.8.2.20171007-0216/jars/maven-plugin-api-3.3.9.jar
7fb4494ca000-7fb4494cc000 r--s 0000c000 08:01 1607821                    /home/haleymnatz/.p2/pool/plugins/org.eclipse.m2e.maven.runtime_1.8.2.20171007-0216/jars/maven-artifact-3.3.9.jar
7fb4494cc000-7fb4494cd000 r--s 00006000 08:01 1607829                    /home/haleymnatz/.p2/pool/plugins/org.eclipse.m2e.maven.runtime_1.8.2.20171007-0216/jars/maven-repository-metadata-3.3.9.jar
7fb4494cd000-7fb4494ce000 r--s 00003000 08:01 1607822                    /home/haleymnatz/.p2/pool/plugins/org.eclipse.m2e.maven.runtime_1.8.2.20171007-0216/jars/maven-builder-support-3.3.9.jar
7fb4494ce000-7fb4494d0000 r--s 00009000 08:01 1607831                    /home/haleymnatz/.p2/pool/plugins/org.eclipse.m2e.maven.runtime_1.8.2.20171007-0216/jars/maven-settings-builder-3.3.9.jar
7fb4494d0000-7fb4494eb000 r--s 001d6000 08:01 790129                     /usr/lib/jvm/java-8-openjdk-amd64/jre/lib/ext/nashorn.jar
7fb4494eb000-7fb449506000 r--s 00394000 08:01 790128                     /usr/lib/jvm/java-8-openjdk-amd64/jre/lib/ext/cldrdata.jar
7fb449506000-7fb449507000 ---p 00000000 00:00 0 
7fb449507000-7fb449607000 rw-p 00000000 00:00 0 
7fb449607000-7fb44960a000 ---p 00000000 00:00 0 
7fb44960a000-7fb449708000 rw-p 00000000 00:00 0 
7fb449708000-7fb44970b000 ---p 00000000 00:00 0 
7fb44970b000-7fb449809000 rw-p 00000000 00:00 0 
7fb449809000-7fb44980c000 ---p 00000000 00:00 0 
7fb44980c000-7fb44990a000 rw-p 00000000 00:00 0 
7fb44990a000-7fb44990d000 ---p 00000000 00:00 0 
7fb44990d000-7fb449a0b000 rw-p 00000000 00:00 0 
7fb449a0b000-7fb449a0e000 ---p 00000000 00:00 0 
7fb449a0e000-7fb449b0c000 rw-p 00000000 00:00 0 
7fb449b0c000-7fb449de4000 r--p 00000000 08:01 71548                      /usr/lib/locale/locale-archive
7fb449de4000-7fb449de7000 ---p 00000000 00:00 0 
7fb449de7000-7fb449ee5000 rw-p 00000000 00:00 0 
7fb449ee5000-7fb449ee8000 ---p 00000000 00:00 0 
7fb449ee8000-7fb449fe6000 rw-p 00000000 00:00 0 
7fb449fe6000-7fb449fe7000 ---p 00000000 00:00 0 
7fb449fe7000-7fb44b0a7000 rw-p 00000000 00:00 0 
7fb44b0a7000-7fb44b275000 r--s 03c13000 08:01 790126                     /usr/lib/jvm/java-8-openjdk-amd64/jre/lib/rt.jar
7fb44b275000-7fb44fc99000 rw-p 00000000 00:00 0 
7fb44fc99000-7fb44fc9a000 ---p 00000000 00:00 0 
7fb44fc9a000-7fb44fd9a000 rw-p 00000000 00:00 0 
7fb44fd9a000-7fb44fd9b000 ---p 00000000 00:00 0 
7fb44fd9b000-7fb44fe9b000 rw-p 00000000 00:00 0 
7fb44fe9b000-7fb44fe9c000 ---p 00000000 00:00 0 
7fb44fe9c000-7fb44ffea000 rw-p 00000000 00:00 0 
7fb44ffea000-7fb450234000 ---p 00000000 00:00 0 
7fb450234000-7fb450282000 rw-p 00000000 00:00 0 
7fb450282000-7fb4504cc000 ---p 00000000 00:00 0 
7fb4504cc000-7fb4505d8000 rw-p 00000000 00:00 0 
7fb4505d8000-7fb450618000 ---p 00000000 00:00 0 
7fb450618000-7fb450661000 rw-p 00000000 00:00 0 
7fb450661000-7fb4509d9000 ---p 00000000 00:00 0 
7fb4509d9000-7fb451bb9000 rwxp 00000000 00:00 0 
7fb451bb9000-7fb45f9d9000 ---p 00000000 00:00 0 
7fb45f9d9000-7fb45f9e1000 r-xp 00000000 08:01 790153                     /usr/lib/jvm/java-8-openjdk-amd64/jre/lib/amd64/libzip.so
7fb45f9e1000-7fb45fbe0000 ---p 00008000 08:01 790153                     /usr/lib/jvm/java-8-openjdk-amd64/jre/lib/amd64/libzip.so
7fb45fbe0000-7fb45fbe1000 r--p 00007000 08:01 790153                     /usr/lib/jvm/java-8-openjdk-amd64/jre/lib/amd64/libzip.so
7fb45fbe1000-7fb45fbe2000 rw-p 00008000 08:01 790153                     /usr/lib/jvm/java-8-openjdk-amd64/jre/lib/amd64/libzip.so
7fb45fbe2000-7fb45fbed000 r-xp 00000000 08:01 683668                     /lib/x86_64-linux-gnu/libnss_files-2.23.so
7fb45fbed000-7fb45fdec000 ---p 0000b000 08:01 683668                     /lib/x86_64-linux-gnu/libnss_files-2.23.so
7fb45fdec000-7fb45fded000 r--p 0000a000 08:01 683668                     /lib/x86_64-linux-gnu/libnss_files-2.23.so
7fb45fded000-7fb45fdee000 rw-p 0000b000 08:01 683668                     /lib/x86_64-linux-gnu/libnss_files-2.23.so
7fb45fdee000-7fb45fdf4000 rw-p 00000000 00:00 0 
7fb45fdf4000-7fb45fdff000 r-xp 00000000 08:01 683671                     /lib/x86_64-linux-gnu/libnss_nis-2.23.so
7fb45fdff000-7fb45fffe000 ---p 0000b000 08:01 683671                     /lib/x86_64-linux-gnu/libnss_nis-2.23.so
7fb45fffe000-7fb45ffff000 r--p 0000a000 08:01 683671                     /lib/x86_64-linux-gnu/libnss_nis-2.23.so
7fb45ffff000-7fb460000000 rw-p 0000b000 08:01 683671                     /lib/x86_64-linux-gnu/libnss_nis-2.23.so
7fb460000000-7fb461195000 rw-p 00000000 00:00 0 
7fb461195000-7fb464000000 ---p 00000000 00:00 0 
7fb464000000-7fb46400d000 r--s 0008f000 08:01 1607824                    /home/haleymnatz/.p2/pool/plugins/org.eclipse.m2e.maven.runtime_1.8.2.20171007-0216/jars/maven-core-3.3.9.jar
7fb46400d000-7fb4640a4000 rw-p 00000000 00:00 0 
7fb4640a4000-7fb4640a5000 ---p 00000000 00:00 0 
7fb4640a5000-7fb4641a5000 rw-p 00000000 00:00 0 
7fb4641a5000-7fb4641bb000 r-xp 00000000 08:01 683664                     /lib/x86_64-linux-gnu/libnsl-2.23.so
7fb4641bb000-7fb4643ba000 ---p 00016000 08:01 683664                     /lib/x86_64-linux-gnu/libnsl-2.23.so
7fb4643ba000-7fb4643bb000 r--p 00015000 08:01 683664                     /lib/x86_64-linux-gnu/libnsl-2.23.so
7fb4643bb000-7fb4643bc000 rw-p 00016000 08:01 683664                     /lib/x86_64-linux-gnu/libnsl-2.23.so
7fb4643bc000-7fb4643be000 rw-p 00000000 00:00 0 
7fb4643be000-7fb4643c6000 r-xp 00000000 08:01 683677                     /lib/x86_64-linux-gnu/libnss_compat-2.23.so
7fb4643c6000-7fb4645c5000 ---p 00008000 08:01 683677                     /lib/x86_64-linux-gnu/libnss_compat-2.23.so
7fb4645c5000-7fb4645c6000 r--p 00007000 08:01 683677                     /lib/x86_64-linux-gnu/libnss_compat-2.23.so
7fb4645c6000-7fb4645c7000 rw-p 00008000 08:01 683677                     /lib/x86_64-linux-gnu/libnss_compat-2.23.so
7fb4645c7000-7fb4645f4000 r-xp 00000000 08:01 790168                     /usr/lib/jvm/java-8-openjdk-amd64/jre/lib/amd64/libjava.so
7fb4645f4000-7fb4647f3000 ---p 0002d000 08:01 790168                     /usr/lib/jvm/java-8-openjdk-amd64/jre/lib/amd64/libjava.so
7fb4647f3000-7fb4647f4000 r--p 0002c000 08:01 790168                     /usr/lib/jvm/java-8-openjdk-amd64/jre/lib/amd64/libjava.so
7fb4647f4000-7fb4647f6000 rw-p 0002d000 08:01 790168                     /usr/lib/jvm/java-8-openjdk-amd64/jre/lib/amd64/libjava.so
7fb4647f6000-7fb464805000 r-xp 00000000 08:01 790146                     /usr/lib/jvm/java-8-openjdk-amd64/jre/lib/amd64/libverify.so
7fb464805000-7fb464a04000 ---p 0000f000 08:01 790146                     /usr/lib/jvm/java-8-openjdk-amd64/jre/lib/amd64/libverify.so
7fb464a04000-7fb464a06000 r--p 0000e000 08:01 790146                     /usr/lib/jvm/java-8-openjdk-amd64/jre/lib/amd64/libverify.so
7fb464a06000-7fb464a07000 rw-p 00010000 08:01 790146                     /usr/lib/jvm/java-8-openjdk-amd64/jre/lib/amd64/libverify.so
7fb464a07000-7fb464a0e000 r-xp 00000000 08:01 683673                     /lib/x86_64-linux-gnu/librt-2.23.so
7fb464a0e000-7fb464c0d000 ---p 00007000 08:01 683673                     /lib/x86_64-linux-gnu/librt-2.23.so
7fb464c0d000-7fb464c0e000 r--p 00006000 08:01 683673                     /lib/x86_64-linux-gnu/librt-2.23.so
7fb464c0e000-7fb464c0f000 rw-p 00007000 08:01 683673                     /lib/x86_64-linux-gnu/librt-2.23.so
7fb464c0f000-7fb464c25000 r-xp 00000000 08:01 661739                     /lib/x86_64-linux-gnu/libgcc_s.so.1
7fb464c25000-7fb464e24000 ---p 00016000 08:01 661739                     /lib/x86_64-linux-gnu/libgcc_s.so.1
7fb464e24000-7fb464e25000 rw-p 00015000 08:01 661739                     /lib/x86_64-linux-gnu/libgcc_s.so.1
7fb464e25000-7fb464f2d000 r-xp 00000000 08:01 683682                     /lib/x86_64-linux-gnu/libm-2.23.so
7fb464f2d000-7fb46512c000 ---p 00108000 08:01 683682                     /lib/x86_64-linux-gnu/libm-2.23.so
7fb46512c000-7fb46512d000 r--p 00107000 08:01 683682                     /lib/x86_64-linux-gnu/libm-2.23.so
7fb46512d000-7fb46512e000 rw-p 00108000 08:01 683682                     /lib/x86_64-linux-gnu/libm-2.23.so
7fb46512e000-7fb4652a0000 r-xp 00000000 08:01 11200                      /usr/lib/x86_64-linux-gnu/libstdc++.so.6.0.21
7fb4652a0000-7fb4654a0000 ---p 00172000 08:01 11200                      /usr/lib/x86_64-linux-gnu/libstdc++.so.6.0.21
7fb4654a0000-7fb4654aa000 r--p 00172000 08:01 11200                      /usr/lib/x86_64-linux-gnu/libstdc++.so.6.0.21
7fb4654aa000-7fb4654ac000 rw-p 0017c000 08:01 11200                      /usr/lib/x86_64-linux-gnu/libstdc++.so.6.0.21
7fb4654ac000-7fb4654b0000 rw-p 00000000 00:00 0 
7fb4654b0000-7fb466104000 r-xp 00000000 08:01 790152                     /usr/lib/jvm/java-8-openjdk-amd64/jre/lib/amd64/server/libjvm.so
7fb466104000-7fb466304000 ---p 00c54000 08:01 790152                     /usr/lib/jvm/java-8-openjdk-amd64/jre/lib/amd64/server/libjvm.so
7fb466304000-7fb466397000 r--p 00c54000 08:01 790152                     /usr/lib/jvm/java-8-openjdk-amd64/jre/lib/amd64/server/libjvm.so
7fb466397000-7fb4663c0000 rw-p 00ce7000 08:01 790152                     /usr/lib/jvm/java-8-openjdk-amd64/jre/lib/amd64/server/libjvm.so
7fb4663c0000-7fb4663f0000 rw-p 00000000 00:00 0 
7fb4663f0000-7fb466408000 r-xp 00000000 08:01 683670                     /lib/x86_64-linux-gnu/libpthread-2.23.so
7fb466408000-7fb466607000 ---p 00018000 08:01 683670                     /lib/x86_64-linux-gnu/libpthread-2.23.so
7fb466607000-7fb466608000 r--p 00017000 08:01 683670                     /lib/x86_64-linux-gnu/libpthread-2.23.so
7fb466608000-7fb466609000 rw-p 00018000 08:01 683670                     /lib/x86_64-linux-gnu/libpthread-2.23.so
7fb466609000-7fb46660d000 rw-p 00000000 00:00 0 
7fb46660d000-7fb466610000 r-xp 00000000 08:01 683676                     /lib/x86_64-linux-gnu/libdl-2.23.so
7fb466610000-7fb46680f000 ---p 00003000 08:01 683676                     /lib/x86_64-linux-gnu/libdl-2.23.so
7fb46680f000-7fb466810000 r--p 00002000 08:01 683676                     /lib/x86_64-linux-gnu/libdl-2.23.so
7fb466810000-7fb466811000 rw-p 00003000 08:01 683676                     /lib/x86_64-linux-gnu/libdl-2.23.so
7fb466811000-7fb46682a000 r-xp 00000000 08:01 661674                     /lib/x86_64-linux-gnu/libz.so.1.2.8
7fb46682a000-7fb466a29000 ---p 00019000 08:01 661674                     /lib/x86_64-linux-gnu/libz.so.1.2.8
7fb466a29000-7fb466a2a000 r--p 00018000 08:01 661674                     /lib/x86_64-linux-gnu/libz.so.1.2.8
7fb466a2a000-7fb466a2b000 rw-p 00019000 08:01 661674                     /lib/x86_64-linux-gnu/libz.so.1.2.8
7fb466a2b000-7fb466beb000 r-xp 00000000 08:01 683688                     /lib/x86_64-linux-gnu/libc-2.23.so
7fb466beb000-7fb466deb000 ---p 001c0000 08:01 683688                     /lib/x86_64-linux-gnu/libc-2.23.so
7fb466deb000-7fb466def000 r--p 001c0000 08:01 683688                     /lib/x86_64-linux-gnu/libc-2.23.so
7fb466def000-7fb466df1000 rw-p 001c4000 08:01 683688                     /lib/x86_64-linux-gnu/libc-2.23.so
7fb466df1000-7fb466df5000 rw-p 00000000 00:00 0 
7fb466df5000-7fb466e02000 r-xp 00000000 08:01 790144                     /usr/lib/jvm/java-8-openjdk-amd64/jre/lib/amd64/jli/libjli.so
7fb466e02000-7fb467002000 ---p 0000d000 08:01 790144                     /usr/lib/jvm/java-8-openjdk-amd64/jre/lib/amd64/jli/libjli.so
7fb467002000-7fb467003000 r--p 0000d000 08:01 790144                     /usr/lib/jvm/java-8-openjdk-amd64/jre/lib/amd64/jli/libjli.so
7fb467003000-7fb467004000 rw-p 0000e000 08:01 790144                     /usr/lib/jvm/java-8-openjdk-amd64/jre/lib/amd64/jli/libjli.so
7fb467004000-7fb46702a000 r-xp 00000000 08:01 683665                     /lib/x86_64-linux-gnu/ld-2.23.so
7fb46702a000-7fb46702b000 r--s 0000a000 08:01 1607830                    /home/haleymnatz/.p2/pool/plugins/org.eclipse.m2e.maven.runtime_1.8.2.20171007-0216/jars/maven-settings-3.3.9.jar
7fb46702b000-7fb46702e000 r--s 00026000 08:01 1607826                    /home/haleymnatz/.p2/pool/plugins/org.eclipse.m2e.maven.runtime_1.8.2.20171007-0216/jars/maven-model-3.3.9.jar
7fb46702e000-7fb467030000 r--s 0000b000 08:01 1607839                    /home/haleymnatz/.p2/pool/plugins/org.eclipse.m2e.maven.runtime_1.8.2.20171007-0216/jars/plexus-classworlds-2.5.2.jar
7fb467030000-7fb467032000 r--s 00001000 08:01 790132                     /usr/lib/jvm/java-8-openjdk-amd64/jre/lib/ext/dnsns.jar
7fb467032000-7fb467036000 r--s 00037000 08:01 790131                     /usr/lib/jvm/java-8-openjdk-amd64/jre/lib/ext/sunpkcs11.jar
7fb467036000-7fb46703b000 r--s 0003b000 08:01 790134                     /usr/lib/jvm/java-8-openjdk-amd64/jre/lib/ext/sunjce_provider.jar
7fb46703b000-7fb467106000 rw-p 00000000 00:00 0 
7fb467106000-7fb467109000 ---p 00000000 00:00 0 
7fb467109000-7fb46720c000 rw-p 00000000 00:00 0 
7fb46720c000-7fb46720f000 r--s 0000f000 08:01 790135                     /usr/lib/jvm/java-8-openjdk-amd64/jre/lib/ext/icedtea-sound.jar
7fb46720f000-7fb467210000 r--s 0000a000 08:01 790133                     /usr/lib/jvm/java-8-openjdk-amd64/jre/lib/ext/jaccess.jar
7fb467210000-7fb46721a000 r--s 00116000 08:01 790130                     /usr/lib/jvm/java-8-openjdk-amd64/jre/lib/ext/localedata.jar
7fb46721a000-7fb46721c000 r--s 00008000 08:01 790136                     /usr/lib/jvm/java-8-openjdk-amd64/jre/lib/ext/sunec.jar
7fb46721c000-7fb46721d000 r--s 00010000 08:01 790137                     /usr/lib/jvm/java-8-openjdk-amd64/jre/lib/ext/zipfs.jar
7fb46721d000-7fb467225000 rw-s 00000000 08:01 1482570                    /tmp/hsperfdata_haleymnatz/18563
7fb467225000-7fb467226000 rw-p 00000000 00:00 0 
7fb467226000-7fb467227000 ---p 00000000 00:00 0 
7fb467227000-7fb467229000 rw-p 00000000 00:00 0 
7fb467229000-7fb46722a000 r--p 00025000 08:01 683665                     /lib/x86_64-linux-gnu/ld-2.23.so
7fb46722a000-7fb46722b000 rw-p 00026000 08:01 683665                     /lib/x86_64-linux-gnu/ld-2.23.so
7fb46722b000-7fb46722c000 rw-p 00000000 00:00 0 
7ffc53ea3000-7ffc53ec4000 rw-p 00000000 00:00 0                          [stack]
7ffc53f26000-7ffc53f28000 r--p 00000000 00:00 0                          [vvar]
7ffc53f28000-7ffc53f2a000 r-xp 00000000 00:00 0                          [vdso]
ffffffffff600000-ffffffffff601000 r-xp 00000000 00:00 0                  [vsyscall]

VM Arguments:
jvm_args: -Dmaven.home=EMBEDDED -Dclassworlds.conf=/home/haleymnatz/strongkey/.metadata/.plugins/org.eclipse.m2e.launching/launches/m2conf5555956480278914774.tmp -Dmaven.multiModuleProjectDirectory=/home/haleymnatz/strongkey/FileUploader -Dfile.encoding=UTF-8 
java_command: org.codehaus.plexus.classworlds.launcher.Launcher -B tomcat7:run
java_class_path (initial): /home/haleymnatz/.p2/pool/plugins/org.eclipse.m2e.maven.runtime_1.8.2.20171007-0216/jars/plexus-classworlds-2.5.2.jar
Launcher Type: SUN_STANDARD

Environment Variables:
PATH=/home/haleymnatz/.local/share/umake/bin:/home/haleymnatz/bin:/home/haleymnatz/.local/bin:/usr/local/sbin:/usr/local/bin:/usr/sbin:/usr/bin:/sbin:/bin:/usr/games:/usr/local/games:/snap/bin:/home/haleymnatz/.rvm/bin:/home/haleymnatz/.rvm/bin
SHELL=/bin/bash
DISPLAY=:0

Signal Handlers:
SIGSEGV: [libjvm.so+0xa6ad10], sa_mask[0]=11111111011111111101111111111110, sa_flags=SA_RESTART|SA_SIGINFO
SIGBUS: [libjvm.so+0xa6ad10], sa_mask[0]=11111111011111111101111111111110, sa_flags=SA_RESTART|SA_SIGINFO
SIGFPE: [libjvm.so+0x8b3bc0], sa_mask[0]=11111111011111111101111111111110, sa_flags=SA_RESTART|SA_SIGINFO
SIGPIPE: [libjvm.so+0x8b3bc0], sa_mask[0]=11111111011111111101111111111110, sa_flags=SA_RESTART|SA_SIGINFO
SIGXFSZ: [libjvm.so+0x8b3bc0], sa_mask[0]=11111111011111111101111111111110, sa_flags=SA_RESTART|SA_SIGINFO
SIGILL: [libjvm.so+0x8b3bc0], sa_mask[0]=11111111011111111101111111111110, sa_flags=SA_RESTART|SA_SIGINFO
SIGUSR1: SIG_DFL, sa_mask[0]=00000000000000000000000000000000, sa_flags=none
SIGUSR2: [libjvm.so+0x8b3a70], sa_mask[0]=00100000000000000000000000000000, sa_flags=SA_RESTART|SA_SIGINFO
SIGHUP: [libjvm.so+0x8b3f40], sa_mask[0]=11111111011111111101111111111110, sa_flags=SA_RESTART|SA_SIGINFO
SIGINT: [libjvm.so+0x8b3f40], sa_mask[0]=11111111011111111101111111111110, sa_flags=SA_RESTART|SA_SIGINFO
SIGTERM: [libjvm.so+0x8b3f40], sa_mask[0]=11111111011111111101111111111110, sa_flags=SA_RESTART|SA_SIGINFO
SIGQUIT: [libjvm.so+0x8b3f40], sa_mask[0]=11111111011111111101111111111110, sa_flags=SA_RESTART|SA_SIGINFO


---------------  S Y S T E M  ---------------

OS:DISTRIB_ID=Ubuntu
DISTRIB_RELEASE=16.04
DISTRIB_CODENAME=xenial
DISTRIB_DESCRIPTION="Ubuntu 16.04.3 LTS"

uname:Linux 4.10.0-33-generic #37~16.04.1-Ubuntu SMP Fri Aug 11 14:07:24 UTC 2017 x86_64
libc:glibc 2.23 NPTL 2.23 
rlimit: STACK 8192k, CORE 0k, NPROC 31678, NOFILE 1048576, AS infinity
load average:1.23 1.31 1.58

/proc/meminfo:
MemTotal:        8154212 kB
MemFree:          133516 kB
MemAvailable:      25016 kB
Buffers:             848 kB
Cached:           102736 kB
SwapCached:            0 kB
Active:          7237824 kB
Inactive:          88736 kB
Active(anon):    7226620 kB
Inactive(anon):    78036 kB
Active(file):      11204 kB
Inactive(file):    10700 kB
Unevictable:          52 kB
Mlocked:              52 kB
SwapTotal:             0 kB
SwapFree:              0 kB
Dirty:               176 kB
Writeback:             0 kB
AnonPages:       7223540 kB
Mapped:            94984 kB
Shmem:             81340 kB
Slab:             101008 kB
SReclaimable:      34856 kB
SUnreclaim:        66152 kB
KernelStack:       15584 kB
PageTables:        56840 kB
NFS_Unstable:          0 kB
Bounce:                0 kB
WritebackTmp:          0 kB
CommitLimit:     4077104 kB
Committed_AS:   10436076 kB
VmallocTotal:   34359738367 kB
VmallocUsed:           0 kB
VmallocChunk:          0 kB
HardwareCorrupted:     0 kB
AnonHugePages:   4378624 kB
ShmemHugePages:        0 kB
ShmemPmdMapped:        0 kB
CmaTotal:              0 kB
CmaFree:               0 kB
HugePages_Total:       0
HugePages_Free:        0
HugePages_Rsvd:        0
HugePages_Surp:        0
Hugepagesize:       2048 kB
DirectMap4k:      149312 kB
DirectMap2M:     7190528 kB
DirectMap1G:     3145728 kB


CPU:total 4 (initial active 4) (1 cores per cpu, 1 threads per core) family 6 model 78 stepping 3, cmov, cx8, fxsr, mmx, sse, sse2, sse3, ssse3, sse4.1, sse4.2, popcnt, avx, avx2, aes, clmul, erms, 3dnowpref, lzcnt, tsc, tscinvbit, bmi1, bmi2, adx

/proc/cpuinfo:
processor	: 0
vendor_id	: GenuineIntel
cpu family	: 6
model		: 78
model name	: Intel(R) Core(TM) i7-6500U CPU @ 2.50GHz
stepping	: 3
microcode	: 0xba
cpu MHz		: 2601.000
cache size	: 4096 KB
physical id	: 0
siblings	: 1
core id		: 0
cpu cores	: 1
apicid		: 0
initial apicid	: 0
fpu		: yes
fpu_exception	: yes
cpuid level	: 22
wp		: yes
flags		: fpu vme de pse tsc msr pae mce cx8 apic sep mtrr pge mca cmov pat pse36 clflush dts mmx fxsr sse sse2 ss syscall nx pdpe1gb rdtscp lm constant_tsc arch_perfmon pebs bts nopl xtopology tsc_reliable nonstop_tsc aperfmperf pni pclmulqdq ssse3 fma cx16 pcid sse4_1 sse4_2 x2apic movbe popcnt tsc_deadline_timer aes xsave avx f16c rdrand hypervisor lahf_lm abm 3dnowprefetch epb fsgsbase tsc_adjust bmi1 avx2 smep bmi2 invpcid rdseed adx smap xsaveopt dtherm ida arat pln pts hwp hwp_notify hwp_act_window hwp_epp
bugs		:
bogomips	: 5202.00
clflush size	: 64
cache_alignment	: 64
address sizes	: 42 bits physical, 48 bits virtual
power management:

processor	: 1
vendor_id	: GenuineIntel
cpu family	: 6
model		: 78
model name	: Intel(R) Core(TM) i7-6500U CPU @ 2.50GHz
stepping	: 3
microcode	: 0xba
cpu MHz		: 2601.000
cache size	: 4096 KB
physical id	: 2
siblings	: 1
core id		: 0
cpu cores	: 1
apicid		: 2
initial apicid	: 2
fpu		: yes
fpu_exception	: yes
cpuid level	: 22
wp		: yes
flags		: fpu vme de pse tsc msr pae mce cx8 apic sep mtrr pge mca cmov pat pse36 clflush dts mmx fxsr sse sse2 ss syscall nx pdpe1gb rdtscp lm constant_tsc arch_perfmon pebs bts nopl xtopology tsc_reliable nonstop_tsc aperfmperf pni pclmulqdq ssse3 fma cx16 pcid sse4_1 sse4_2 x2apic movbe popcnt tsc_deadline_timer aes xsave avx f16c rdrand hypervisor lahf_lm abm 3dnowprefetch epb fsgsbase tsc_adjust bmi1 avx2 smep bmi2 invpcid rdseed adx smap xsaveopt dtherm ida arat pln pts hwp hwp_notify hwp_act_window hwp_epp
bugs		:
bogomips	: 5202.00
clflush size	: 64
cache_alignment	: 64
address sizes	: 42 bits physical, 48 bits virtual
power management:

processor	: 2
vendor_id	: GenuineIntel
cpu family	: 6
model		: 78
model name	: Intel(R) Core(TM) i7-6500U CPU @ 2.50GHz
stepping	: 3
microcode	: 0xba
cpu MHz		: 2601.000
cache size	: 4096 KB
physical id	: 4
siblings	: 1
core id		: 0
cpu cores	: 1
apicid		: 4
initial apicid	: 4
fpu		: yes
fpu_exception	: yes
cpuid level	: 22
wp		: yes
flags		: fpu vme de pse tsc msr pae mce cx8 apic sep mtrr pge mca cmov pat pse36 clflush dts mmx fxsr sse sse2 ss syscall nx pdpe1gb rdtscp lm constant_tsc arch_perfmon pebs bts nopl xtopology tsc_reliable nonstop_tsc aperfmperf pni pclmulqdq ssse3 fma cx16 pcid sse4_1 sse4_2 x2apic movbe popcnt tsc_deadline_timer aes xsave avx f16c rdrand hypervisor lahf_lm abm 3dnowprefetch epb fsgsbase tsc_adjust bmi1 avx2 smep bmi2 invpcid rdseed adx smap xsaveopt dtherm ida arat pln pts hwp hwp_notify hwp_act_window hwp_epp
bugs		:
bogomips	: 5202.00
clflush size	: 64
cache_alignment	: 64
address sizes	: 42 bits physical, 48 bits virtual
power management:

processor	: 3
vendor_id	: GenuineIntel
cpu family	: 6
model		: 78
model name	: Intel(R) Core(TM) i7-6500U CPU @ 2.50GHz
stepping	: 3
microcode	: 0xba
cpu MHz		: 2601.000
cache size	: 4096 KB
physical id	: 6
siblings	: 1
core id		: 0
cpu cores	: 1
apicid		: 6
initial apicid	: 6
fpu		: yes
fpu_exception	: yes
cpuid level	: 22
wp		: yes
flags		: fpu vme de pse tsc msr pae mce cx8 apic sep mtrr pge mca cmov pat pse36 clflush dts mmx fxsr sse sse2 ss syscall nx pdpe1gb rdtscp lm constant_tsc arch_perfmon pebs bts nopl xtopology tsc_reliable nonstop_tsc aperfmperf pni pclmulqdq ssse3 fma cx16 pcid sse4_1 sse4_2 x2apic movbe popcnt tsc_deadline_timer aes xsave avx f16c rdrand hypervisor lahf_lm abm 3dnowprefetch epb fsgsbase tsc_adjust bmi1 avx2 smep bmi2 invpcid rdseed adx smap xsaveopt dtherm ida arat pln pts hwp hwp_notify hwp_act_window hwp_epp
bugs		:
bogomips	: 5202.00
clflush size	: 64
cache_alignment	: 64
address sizes	: 42 bits physical, 48 bits virtual
power management:



Memory: 4k page, physical 8154212k(133664k free), swap 0k(0k free)

vm_info: OpenJDK 64-Bit Server VM (25.131-b11) for linux-amd64 JRE (1.8.0_131-8u131-b11-2ubuntu1.16.04.3-b11), built on Jul 28 2017 01:23:32 by "buildd" with gcc 5.4.0 20160609

time: Sat Feb 24 16:16:14 2018
elapsed time: 116 seconds (0d 0h 1m 56s)

